<?xml version="1.0" encoding="UTF-8"?>
<testng-results ignored="0" total="2" passed="2" failed="0" skipped="0">
  <reporter-output>
  </reporter-output>
  <suite started-at="2025-07-14T16:23:38 MDT" name="Default suite" finished-at="2025-07-14T16:25:10 MDT" duration-ms="91453">
    <groups>
    </groups>
    <test started-at="2025-07-14T16:23:38 MDT" name="Default test" finished-at="2025-07-14T16:25:10 MDT" duration-ms="91453">
      <class name="com.learnautomation.testcases.LoginTest">
        <test-method is-config="true" signature="setUpSuite()[pri:0, instance:com.learnautomation.testcases.LoginTest@145f66e3]" started-at="2025-07-14T16:23:38 MDT" name="setUpSuite" finished-at="2025-07-14T16:23:38 MDT" duration-ms="335" status="PASS">
          <reporter-output>
          </reporter-output>
        </test-method> <!-- setUpSuite -->
        <test-method is-config="true" signature="startBrowser()[pri:0, instance:com.learnautomation.testcases.LoginTest@145f66e3]" started-at="2025-07-14T16:23:38 MDT" name="startBrowser" finished-at="2025-07-14T16:23:42 MDT" duration-ms="3444" status="PASS">
          <reporter-output>
          </reporter-output>
        </test-method> <!-- startBrowser -->
        <test-method signature="loginApp()[pri:0, instance:com.learnautomation.testcases.LoginTest@145f66e3]" started-at="2025-07-14T16:23:42 MDT" name="loginApp" finished-at="2025-07-14T16:23:43 MDT" duration-ms="1006" status="PASS">
          <reporter-output>
          </reporter-output>
        </test-method> <!-- loginApp -->
        <test-method is-config="true" signature="teardownMethod()[pri:0, instance:com.learnautomation.testcases.LoginTest@145f66e3]" started-at="2025-07-14T16:23:43 MDT" name="teardownMethod" finished-at="2025-07-14T16:23:43 MDT" duration-ms="495" status="PASS">
          <reporter-output>
          </reporter-output>
        </test-method> <!-- teardownMethod -->
        <test-method signature="validateTabs()[pri:0, instance:com.learnautomation.testcases.LoginTest@145f66e3]" started-at="2025-07-14T16:23:43 MDT" name="validateTabs" finished-at="2025-07-14T16:25:10 MDT" duration-ms="86398" status="PASS">
          <reporter-output>
          </reporter-output>
        </test-method> <!-- validateTabs -->
        <test-method is-config="true" signature="teardownMethod()[pri:0, instance:com.learnautomation.testcases.LoginTest@145f66e3]" started-at="2025-07-14T16:25:10 MDT" name="teardownMethod" finished-at="2025-07-14T16:25:10 MDT" duration-ms="46" status="PASS">
          <reporter-output>
          </reporter-output>
        </test-method> <!-- teardownMethod -->
        <test-method is-config="true" signature="closeBrowser()[pri:0, instance:com.learnautomation.testcases.LoginTest@145f66e3]" started-at="2025-07-14T16:25:10 MDT" name="closeBrowser" finished-at="2025-07-14T16:25:10 MDT" duration-ms="1" status="PASS">
          <reporter-output>
          </reporter-output>
        </test-method> <!-- closeBrowser -->
      </class> <!-- com.learnautomation.testcases.LoginTest -->
    </test> <!-- Default test -->
  </suite> <!-- Default suite -->
</testng-results>
