<?xml version="1.0" encoding="UTF-8"?>
<!-- Generated by org.testng.reporters.JUnitXMLReporter -->
<testsuite ignored="0" hostname="Gouthams-MacBook-Pro.local" failures="1" tests="1" name="Test" time="5.363" errors="0" timestamp="2025-07-07T15:15:58 MDT">
  <testcase classname="com.learnautomation.testcases.LoginTest" name="loginApp" time="0.934">
    <failure type="java.lang.AssertionError" message="Title mismatched expected [H Y R Tutorials - H Y R Tutorials] but found [Swag Labs]">
      <![CDATA[java.lang.AssertionError: Title mismatched expected [H Y R Tutorials - H Y R Tutorials] but found [Swag Labs]
at com.learnautomation.testcases.LoginTest.loginApp(LoginTest.java:22)
at java.base/java.util.ArrayList.forEach(ArrayList.java:1596)
... Removed 30 stack frames]]>
    </failure>
  </testcase> <!-- loginApp -->
</testsuite> <!-- Test -->
